2025-04-09 19:37:54.039 [info] [main] Log level: Info
2025-04-09 19:37:54.039 [info] [main] Validating found git in: "git"
2025-04-09 19:37:54.039 [info] [main] Using git "2.34.1" from "git"
2025-04-09 19:37:54.039 [info] [Model][doInitialScan] Initial repository scan started
2025-04-09 19:37:54.039 [info] > git rev-parse --show-toplevel [43ms]
2025-04-09 19:37:54.039 [info] fatal: not a git repository (or any of the parent directories): .git
2025-04-09 19:37:54.039 [info] > git rev-parse --show-toplevel [6ms]
2025-04-09 19:37:54.039 [info] fatal: not a git repository (or any of the parent directories): .git
2025-04-09 19:37:54.039 [info] > git rev-parse --show-toplevel [3ms]
2025-04-09 19:37:54.039 [info] fatal: not a git repository (or any of the parent directories): .git
2025-04-09 19:37:54.039 [info] > git rev-parse --show-toplevel [2ms]
2025-04-09 19:37:54.039 [info] fatal: not a git repository (or any of the parent directories): .git
2025-04-09 19:37:54.039 [info] > git rev-parse --show-toplevel [2ms]
2025-04-09 19:37:54.039 [info] fatal: not a git repository (or any of the parent directories): .git
2025-04-09 19:37:54.039 [info] > git rev-parse --show-toplevel [2ms]
2025-04-09 19:37:54.039 [info] fatal: not a git repository (or any of the parent directories): .git
2025-04-09 19:37:54.039 [info] > git rev-parse --show-toplevel [2ms]
2025-04-09 19:37:54.039 [info] fatal: not a git repository (or any of the parent directories): .git
2025-04-09 19:37:54.039 [info] > git rev-parse --show-toplevel [3ms]
2025-04-09 19:37:54.039 [info] > git rev-parse --git-dir --git-common-dir [2ms]
2025-04-09 19:37:54.039 [info] [Model][openRepository] Opened repository: /home/ubuntu/.nvm
2025-04-09 19:37:54.039 [info] > git config --get commit.template [4ms]
2025-04-09 19:37:54.039 [info] > git rev-parse --show-toplevel [6ms]
2025-04-09 19:37:54.039 [info] fatal: not a git repository (or any of the parent directories): .git
2025-04-09 19:37:54.039 [info] > git for-each-ref --format %(refname) %(objectname) %(*objectname) refs/tags [6ms]
2025-04-09 19:37:54.039 [info] > git rev-parse --show-toplevel [32ms]
2025-04-09 19:37:54.039 [info] fatal: not a git repository (or any of the parent directories): .git
2025-04-09 19:37:54.039 [info] > git status -z -uall [34ms]
2025-04-09 19:37:54.039 [info] > git for-each-ref --sort -committerdate --format %(refname) %(objectname) %(*objectname) [31ms]
2025-04-09 19:37:54.039 [info] > git rev-parse --show-toplevel [34ms]
2025-04-09 19:37:54.039 [info] fatal: not a git repository (or any of the parent directories): .git
2025-04-09 19:37:54.039 [info] > git config --get commit.template [7ms]
2025-04-09 19:37:54.039 [info] > git rev-parse --show-toplevel [42ms]
2025-04-09 19:37:54.039 [info] fatal: not a git repository (or any of the parent directories): .git
2025-04-09 19:37:54.039 [info] > git for-each-ref --format %(refname) %(objectname) %(*objectname) refs/tags [8ms]
2025-04-09 19:37:54.039 [info] > git rev-parse --show-toplevel [12ms]
2025-04-09 19:37:54.039 [info] fatal: not a git repository (or any of the parent directories): .git
2025-04-09 19:37:54.043 [info] > git for-each-ref --sort -committerdate --format %(refname) %(objectname) %(*objectname) [12ms]
2025-04-09 19:37:54.048 [info] > git rev-parse --show-toplevel [6ms]
2025-04-09 19:37:54.048 [info] fatal: not a git repository (or any of the parent directories): .git
2025-04-09 19:37:54.054 [info] [Model][doInitialScan] Initial repository scan completed - repositories (1), closed repositories (0), parent repositories (0), unsafe repositories (0)
2025-04-09 19:37:54.056 [info] > git status -z -uall [30ms]
2025-04-09 19:37:54.543 [info] > git check-ignore -v -z --stdin [3ms]
2025-04-09 19:37:54.564 [info] > git rev-parse --show-toplevel [2ms]
