2025-04-10 06:33:40.951 [info] Extension host with pid 35373 started
2025-04-10 06:33:40.951 [error] Error: EEXIST: file already exists, open '/home/ubuntu/.local/share/code-server/User/workspaceStorage/-2892e039/vscode.lock'
2025-04-10 06:33:40.957 [info] Lock '/home/ubuntu/.local/share/code-server/User/workspaceStorage/-2892e039/vscode.lock': Could not acquire lock, checking if the file is stale.
2025-04-10 06:33:40.971 [info] Lock '/home/ubuntu/.local/share/code-server/User/workspaceStorage/-2892e039/vscode.lock': The lock does not look stale, elapsed: 487 ms, giving up.
2025-04-10 06:33:40.972 [error] Error: EEXIST: file already exists, open '/home/ubuntu/.local/share/code-server/User/workspaceStorage/-2892e039-1/vscode.lock'
2025-04-10 06:33:40.973 [info] Lock '/home/ubuntu/.local/share/code-server/User/workspaceStorage/-2892e039-1/vscode.lock': Could not acquire lock, checking if the file is stale.
2025-04-10 06:33:40.974 [info] Lock '/home/ubuntu/.local/share/code-server/User/workspaceStorage/-2892e039-1/vscode.lock': The lock does not look stale, elapsed: 665 ms, giving up.
2025-04-10 06:33:40.975 [error] Error: EEXIST: file already exists, open '/home/ubuntu/.local/share/code-server/User/workspaceStorage/-2892e039-2/vscode.lock'
2025-04-10 06:33:40.975 [info] Lock '/home/ubuntu/.local/share/code-server/User/workspaceStorage/-2892e039-2/vscode.lock': Could not acquire lock, checking if the file is stale.
2025-04-10 06:33:40.976 [info] Lock '/home/ubuntu/.local/share/code-server/User/workspaceStorage/-2892e039-2/vscode.lock': The lock does not look stale, elapsed: 507 ms, giving up.
2025-04-10 06:33:40.983 [info] Lock '/home/ubuntu/.local/share/code-server/User/workspaceStorage/-2892e039-3/vscode.lock': Lock acquired.
2025-04-10 06:33:41.131 [info] ExtensionService#_doActivateExtension vscode.emmet, startup: false, activationEvent: 'onLanguage'
2025-04-10 06:33:41.454 [info] ExtensionService#_doActivateExtension vscode.git-base, startup: true, activationEvent: '*', root cause: vscode.git
2025-04-10 06:33:41.608 [info] ExtensionService#_doActivateExtension vscode.git, startup: true, activationEvent: '*'
2025-04-10 06:33:41.608 [info] ExtensionService#_doActivateExtension vscode.github, startup: true, activationEvent: '*'
2025-04-10 06:33:41.935 [info] Eager extensions activated
2025-04-10 06:33:41.936 [info] ExtensionService#_doActivateExtension vscode.debug-auto-launch, startup: false, activationEvent: 'onStartupFinished'
2025-04-10 06:33:41.937 [info] ExtensionService#_doActivateExtension vscode.merge-conflict, startup: false, activationEvent: 'onStartupFinished'
2025-04-10 06:33:42.340 [info] ExtensionService#_doActivateExtension vscode.github-authentication, startup: false, activationEvent: 'onAuthenticationRequest:github'
2025-04-10 06:35:50.778 [info] ExtensionService#_doActivateExtension vscode.npm, startup: false, activationEvent: 'onTerminalQuickFixRequest:ms-vscode.npm-command'
2025-04-10 06:35:56.541 [info] ExtensionService#_doActivateExtension vscode.configuration-editing, startup: false, activationEvent: 'onLanguage:json'
2025-04-10 06:35:56.542 [info] ExtensionService#_doActivateExtension vscode.extension-editing, startup: false, activationEvent: 'onLanguage:json'
2025-04-10 06:35:56.542 [info] ExtensionService#_doActivateExtension vscode.json-language-features, startup: false, activationEvent: 'onLanguage:json'
2025-04-10 07:00:13.429 [error] Error: read ETIMEDOUT
	at TCP.onStreamRead (node:internal/stream_base_commons:218:20)
