2025-04-10 06:59:36.734 [info] Extension host with pid 42129 started
2025-04-10 06:59:36.734 [error] Error: EEXIST: file already exists, open '/home/ubuntu/.local/share/code-server/User/workspaceStorage/-2892e039/vscode.lock'
2025-04-10 06:59:36.743 [info] Lock '/home/ubuntu/.local/share/code-server/User/workspaceStorage/-2892e039/vscode.lock': Could not acquire lock, checking if the file is stale.
2025-04-10 06:59:36.763 [info] Lock '/home/ubuntu/.local/share/code-server/User/workspaceStorage/-2892e039/vscode.lock': The lock does not look stale, elapsed: 364 ms, giving up.
2025-04-10 06:59:36.785 [info] Lock '/home/ubuntu/.local/share/code-server/User/workspaceStorage/-2892e039-1/vscode.lock': Lock acquired.
2025-04-10 06:59:36.906 [info] ExtensionService#_doActivateExtension vscode.emmet, startup: false, activationEvent: 'onLanguage'
2025-04-10 06:59:36.907 [info] ExtensionService#_doActivateExtension vscode.extension-editing, startup: false, activationEvent: 'onLanguage:markdown'
2025-04-10 06:59:36.908 [info] ExtensionService#_doActivateExtension vscode.markdown-language-features, startup: false, activationEvent: 'onLanguage:markdown'
2025-04-10 06:59:37.741 [info] ExtensionService#_doActivateExtension vscode.git-base, startup: true, activationEvent: '*', root cause: vscode.git
2025-04-10 06:59:37.848 [info] ExtensionService#_doActivateExtension vscode.git, startup: true, activationEvent: '*'
2025-04-10 06:59:37.849 [info] ExtensionService#_doActivateExtension vscode.github, startup: true, activationEvent: '*'
2025-04-10 06:59:38.153 [info] ExtensionService#_doActivateExtension vscode.markdown-math, startup: false, activationEvent: 'api', root cause: vscode.markdown-language-features
2025-04-10 06:59:38.441 [info] Eager extensions activated
2025-04-10 06:59:38.442 [info] ExtensionService#_doActivateExtension vscode.debug-auto-launch, startup: false, activationEvent: 'onStartupFinished'
2025-04-10 06:59:38.443 [info] ExtensionService#_doActivateExtension vscode.merge-conflict, startup: false, activationEvent: 'onStartupFinished'
2025-04-10 06:59:39.168 [info] ExtensionService#_doActivateExtension vscode.github-authentication, startup: false, activationEvent: 'onAuthenticationRequest:github'
2025-04-10 06:59:39.918 [warning] [Decorations] CAPPING events from decorations provider vscode.git 10000
2025-04-10 06:59:42.722 [warning] [Decorations] CAPPING events from decorations provider vscode.git 10000
2025-04-10 07:00:51.161 [info] ExtensionService#_doActivateExtension vscode.npm, startup: false, activationEvent: 'onTerminalQuickFixRequest:ms-vscode.npm-command'
2025-04-10 07:00:57.000 [info] ExtensionService#_doActivateExtension vscode.configuration-editing, startup: false, activationEvent: 'onLanguage:json'
2025-04-10 07:00:57.001 [info] ExtensionService#_doActivateExtension vscode.json-language-features, startup: false, activationEvent: 'onLanguage:json'
