2025-04-09 19:40:48.437 [info] [main] Log level: Info
2025-04-09 19:40:48.437 [info] [main] Validating found git in: "git"
2025-04-09 19:40:48.437 [info] [main] Using git "2.34.1" from "git"
2025-04-09 19:40:48.437 [info] [Model][doInitialScan] Initial repository scan started
2025-04-09 19:40:48.437 [info] > git rev-parse --show-toplevel [3ms]
2025-04-09 19:40:48.437 [info] fatal: not a git repository (or any of the parent directories): .git
2025-04-09 19:40:48.437 [info] > git rev-parse --show-toplevel [41ms]
2025-04-09 19:40:48.437 [info] fatal: not a git repository (or any of the parent directories): .git
2025-04-09 19:40:48.437 [info] > git rev-parse --show-toplevel [4ms]
2025-04-09 19:40:48.437 [info] fatal: not a git repository (or any of the parent directories): .git
2025-04-09 19:40:48.437 [info] > git rev-parse --show-toplevel [2ms]
2025-04-09 19:40:48.437 [info] fatal: not a git repository (or any of the parent directories): .git
2025-04-09 19:40:48.437 [info] > git rev-parse --show-toplevel [2ms]
2025-04-09 19:40:48.437 [info] fatal: not a git repository (or any of the parent directories): .git
2025-04-09 19:40:48.437 [info] > git rev-parse --show-toplevel [2ms]
2025-04-09 19:40:48.437 [info] fatal: not a git repository (or any of the parent directories): .git
2025-04-09 19:40:48.437 [info] > git rev-parse --show-toplevel [2ms]
2025-04-09 19:40:48.437 [info] fatal: not a git repository (or any of the parent directories): .git
2025-04-09 19:40:48.437 [info] > git rev-parse --show-toplevel [2ms]
2025-04-09 19:40:48.437 [info] > git rev-parse --git-dir --git-common-dir [2ms]
2025-04-09 19:40:48.437 [info] [Model][openRepository] Opened repository: /home/ubuntu/.nvm
2025-04-09 19:40:48.437 [info] > git config --get commit.template [4ms]
2025-04-09 19:40:48.437 [info] > git rev-parse --show-toplevel [6ms]
2025-04-09 19:40:48.437 [info] fatal: not a git repository (or any of the parent directories): .git
2025-04-09 19:40:48.437 [info] > git for-each-ref --format %(refname) %(objectname) %(*objectname) refs/tags [5ms]
2025-04-09 19:40:48.437 [info] > git rev-parse --show-toplevel [9ms]
2025-04-09 19:40:48.437 [info] fatal: not a git repository (or any of the parent directories): .git
2025-04-09 19:40:48.437 [info] > git for-each-ref --sort -committerdate --format %(refname) %(objectname) %(*objectname) [5ms]
2025-04-09 19:40:48.437 [info] > git rev-parse --show-toplevel [3ms]
2025-04-09 19:40:48.437 [info] fatal: not a git repository (or any of the parent directories): .git
2025-04-09 19:40:48.437 [info] > git rev-parse --show-toplevel [2ms]
2025-04-09 19:40:48.437 [info] fatal: not a git repository (or any of the parent directories): .git
2025-04-09 19:40:48.437 [info] > git rev-parse --show-toplevel [3ms]
2025-04-09 19:40:48.437 [info] fatal: not a git repository (or any of the parent directories): .git
2025-04-09 19:40:48.437 [info] > git status -z -uall [63ms]
2025-04-09 19:40:48.437 [info] > git rev-parse --show-toplevel [33ms]
2025-04-09 19:40:48.437 [info] fatal: not a git repository (or any of the parent directories): .git
2025-04-09 19:40:48.437 [info] [Model][doInitialScan] Initial repository scan completed - repositories (1), closed repositories (0), parent repositories (0), unsafe repositories (0)
2025-04-09 19:40:48.438 [info] > git config --get commit.template [7ms]
2025-04-09 19:40:48.462 [info] > git for-each-ref --format %(refname) %(objectname) %(*objectname) refs/tags [2ms]
2025-04-09 19:40:48.478 [info] > git for-each-ref --sort -committerdate --format %(refname) %(objectname) %(*objectname) [6ms]
2025-04-09 19:40:48.495 [info] > git status -z -uall [28ms]
2025-04-09 19:40:48.737 [info] > git rev-parse --show-toplevel [8ms]
2025-04-09 19:40:48.737 [info] fatal: not a git repository (or any of the parent directories): .git
2025-04-09 19:40:48.958 [info] > git check-ignore -v -z --stdin [4ms]
2025-04-09 19:40:49.002 [info] > git rev-parse --show-toplevel [2ms]
2025-04-09 19:40:51.657 [info] > git rev-parse --show-toplevel [2ms]
2025-04-09 19:40:51.658 [info] fatal: not a git repository (or any of the parent directories): .git
2025-04-09 19:40:53.921 [info] > git rev-parse --show-toplevel [4ms]
2025-04-09 19:40:53.921 [info] fatal: not a git repository (or any of the parent directories): .git
2025-04-09 19:40:57.104 [info] > git rev-parse --show-toplevel [2ms]
2025-04-09 19:40:57.104 [info] fatal: not a git repository (or any of the parent directories): .git
2025-04-09 19:40:57.936 [info] > git rev-parse --show-toplevel [11ms]
2025-04-09 19:40:57.936 [info] fatal: not a git repository (or any of the parent directories): .git
2025-04-09 19:41:01.747 [info] > git rev-parse --show-toplevel [12ms]
2025-04-09 19:41:01.747 [info] fatal: not a git repository (or any of the parent directories): .git
2025-04-09 19:41:02.139 [info] > git rev-parse --show-toplevel [2ms]
2025-04-09 19:41:02.139 [info] fatal: not a git repository (or any of the parent directories): .git
2025-04-09 19:41:02.533 [info] > git rev-parse --show-toplevel [3ms]
2025-04-09 19:41:02.533 [info] fatal: not a git repository (or any of the parent directories): .git
2025-04-09 19:41:14.595 [info] > git rev-parse --show-toplevel [2ms]
2025-04-09 19:41:14.595 [info] fatal: not a git repository (or any of the parent directories): .git
