2025-04-10 06:27:42.338 [info] [main] Log level: Info
2025-04-10 06:27:42.338 [info] [main] Validating found git in: "git"
2025-04-10 06:27:42.338 [info] [main] Using git "2.34.1" from "git"
2025-04-10 06:27:42.338 [info] [Model][doInitialScan] Initial repository scan started
2025-04-10 06:27:42.338 [info] > git rev-parse --show-toplevel [3ms]
2025-04-10 06:27:42.338 [info] fatal: not a git repository (or any of the parent directories): .git
2025-04-10 06:27:42.339 [info] > git rev-parse --show-toplevel [3ms]
2025-04-10 06:27:42.339 [info] fatal: not a git repository (or any of the parent directories): .git
2025-04-10 06:27:42.339 [info] > git rev-parse --show-toplevel [2ms]
2025-04-10 06:27:42.339 [info] fatal: not a git repository (or any of the parent directories): .git
2025-04-10 06:27:42.339 [info] > git rev-parse --show-toplevel [3ms]
2025-04-10 06:27:42.339 [info] fatal: not a git repository (or any of the parent directories): .git
2025-04-10 06:27:42.340 [info] > git rev-parse --show-toplevel [2ms]
2025-04-10 06:27:42.340 [info] fatal: not a git repository (or any of the parent directories): .git
2025-04-10 06:27:42.340 [info] > git rev-parse --show-toplevel [2ms]
2025-04-10 06:27:42.340 [info] fatal: not a git repository (or any of the parent directories): .git
2025-04-10 06:27:42.340 [info] > git rev-parse --show-toplevel [2ms]
2025-04-10 06:27:42.340 [info] > git rev-parse --git-dir --git-common-dir [2ms]
2025-04-10 06:27:42.340 [info] [Model][openRepository] Opened repository: /home/ubuntu/.nvm
2025-04-10 06:27:42.341 [info] > git config --get commit.template [4ms]
2025-04-10 06:27:42.341 [info] > git rev-parse --show-toplevel [6ms]
2025-04-10 06:27:42.341 [info] fatal: not a git repository (or any of the parent directories): .git
2025-04-10 06:27:42.341 [info] > git for-each-ref --format %(refname) %(objectname) %(*objectname) refs/tags [5ms]
2025-04-10 06:27:42.341 [info] > git rev-parse --show-toplevel [10ms]
2025-04-10 06:27:42.341 [info] fatal: not a git repository (or any of the parent directories): .git
2025-04-10 06:27:42.341 [info] > git for-each-ref --sort -committerdate --format %(refname) %(objectname) %(*objectname) [4ms]
2025-04-10 06:27:42.341 [info] > git rev-parse --show-toplevel [4ms]
2025-04-10 06:27:42.342 [info] fatal: not a git repository (or any of the parent directories): .git
2025-04-10 06:27:42.342 [info] > git rev-parse --show-toplevel [2ms]
2025-04-10 06:27:42.342 [info] fatal: not a git repository (or any of the parent directories): .git
2025-04-10 06:27:42.342 [info] > git rev-parse --show-toplevel [2ms]
2025-04-10 06:27:42.342 [info] fatal: not a git repository (or any of the parent directories): .git
2025-04-10 06:27:42.342 [info] > git status -z -uall [34ms]
2025-04-10 06:27:42.342 [info] > git rev-parse --show-toplevel [33ms]
2025-04-10 06:27:42.343 [info] fatal: not a git repository (or any of the parent directories): .git
2025-04-10 06:27:42.343 [info] > git config --get commit.template [9ms]
2025-04-10 06:27:42.343 [info] > git rev-parse --show-toplevel [7ms]
2025-04-10 06:27:42.343 [info] fatal: not a git repository (or any of the parent directories): .git
2025-04-10 06:27:42.343 [info] > git rev-parse --show-toplevel [45ms]
2025-04-10 06:27:42.343 [info] fatal: not a git repository (or any of the parent directories): .git
2025-04-10 06:27:42.343 [info] [Model][doInitialScan] Initial repository scan completed - repositories (1), closed repositories (0), parent repositories (0), unsafe repositories (0)
2025-04-10 06:27:42.343 [info] > git for-each-ref --format %(refname) %(objectname) %(*objectname) refs/tags [55ms]
2025-04-10 06:27:42.347 [info] > git for-each-ref --sort -committerdate --format %(refname) %(objectname) %(*objectname) [13ms]
2025-04-10 06:27:42.353 [info] > git status -z -uall [23ms]
2025-04-10 06:27:42.846 [info] > git check-ignore -v -z --stdin [3ms]
2025-04-10 06:27:42.862 [info] > git rev-parse --show-toplevel [3ms]
2025-04-10 06:27:43.799 [info] > git rev-parse --show-toplevel [3ms]
2025-04-10 06:27:43.799 [info] fatal: not a git repository (or any of the parent directories): .git
