2025-04-10 06:59:38.799 [info] [main] Log level: Info
2025-04-10 06:59:38.799 [info] [main] Validating found git in: "git"
2025-04-10 06:59:38.799 [info] [main] Using git "2.34.1" from "git"
2025-04-10 06:59:38.799 [info] [Model][doInitialScan] Initial repository scan started
2025-04-10 06:59:38.799 [info] > git rev-parse --show-toplevel [14ms]
2025-04-10 06:59:38.799 [info] > git rev-parse --git-dir --git-common-dir [6ms]
2025-04-10 06:59:38.799 [info] [Model][openRepository] Opened repository: /home/ubuntu
2025-04-10 06:59:38.799 [info] > git config --get commit.template [25ms]
2025-04-10 06:59:38.799 [info] [Git][getRemotes] No remotes found in the git config file
2025-04-10 06:59:38.799 [info] > git for-each-ref --format=%(refname)%00%(upstream:short)%00%(objectname)%00%(upstream:track)%00%(upstream:remotename)%00%(upstream:remoteref) refs/heads/master refs/remotes/master [7ms]
2025-04-10 06:59:38.799 [warning] [Git][getBranch] No such branch: master
2025-04-10 06:59:38.799 [info] > git for-each-ref --sort -committerdate --format %(refname) %(objectname) %(*objectname) [81ms]
2025-04-10 06:59:38.799 [info] > git rev-parse --show-toplevel [64ms]
2025-04-10 06:59:38.812 [info] > git rev-parse --show-toplevel [28ms]
2025-04-10 06:59:38.836 [info] > git rev-parse --show-toplevel [13ms]
2025-04-10 06:59:38.849 [info] > git rev-parse --show-toplevel [8ms]
2025-04-10 06:59:38.871 [info] > git rev-parse --show-toplevel [3ms]
2025-04-10 06:59:38.891 [info] > git rev-parse --show-toplevel [4ms]
2025-04-10 06:59:38.925 [info] > git rev-parse --git-dir --git-common-dir [24ms]
2025-04-10 06:59:38.932 [info] [Model][openRepository] Opened repository: /home/ubuntu/.nvm
2025-04-10 06:59:38.947 [info] > git config --get commit.template [8ms]
2025-04-10 06:59:38.955 [info] > git rev-parse --show-toplevel [11ms]
2025-04-10 06:59:38.965 [info] > git for-each-ref --format %(refname) %(objectname) %(*objectname) refs/tags [10ms]
2025-04-10 06:59:38.994 [info] > git rev-parse --show-toplevel [30ms]
2025-04-10 06:59:39.009 [info] > git for-each-ref --sort -committerdate --format %(refname) %(objectname) %(*objectname) [17ms]
2025-04-10 06:59:39.011 [info] > git rev-parse --show-toplevel [3ms]
2025-04-10 06:59:39.023 [info] > git status -z -uall [51ms]
2025-04-10 06:59:39.064 [info] > git rev-parse --show-toplevel [41ms]
2025-04-10 06:59:39.073 [info] > git config --get commit.template [10ms]
2025-04-10 06:59:39.080 [info] > git rev-parse --show-toplevel [10ms]
2025-04-10 06:59:39.089 [info] > git for-each-ref --format %(refname) %(objectname) %(*objectname) refs/tags [11ms]
2025-04-10 06:59:39.118 [info] > git rev-parse --show-toplevel [30ms]
2025-04-10 06:59:39.139 [info] > git for-each-ref --sort -committerdate --format %(refname) %(objectname) %(*objectname) [26ms]
2025-04-10 06:59:39.140 [info] > git status -z -uall [43ms]
2025-04-10 06:59:39.151 [info] > git rev-parse --show-toplevel [13ms]
2025-04-10 06:59:39.160 [info] > git rev-parse --show-toplevel [4ms]
2025-04-10 06:59:39.166 [info] [Model][doInitialScan] Initial repository scan completed - repositories (2), closed repositories (0), parent repositories (0), unsafe repositories (0)
2025-04-10 06:59:39.350 [info] > git check-ignore -v -z --stdin [55ms]
2025-04-10 06:59:39.479 [info] > git show --textconv :component_design.md [5ms]
2025-04-10 06:59:39.485 [info] > git ls-files --stage -- component_design.md [7ms]
2025-04-10 06:59:39.493 [info] > git hash-object -t tree /dev/null [1ms]
2025-04-10 06:59:39.494 [warning] [GitFileSystemProvider][stat] File not found - git:/home/ubuntu/component_design.md.git?%7B%22path%22%3A%22%2Fhome%2Fubuntu%2Fcomponent_design.md%22%2C%22ref%22%3A%22%22%7D
2025-04-10 06:59:39.497 [info] > git hash-object -t tree /dev/null [13ms]
2025-04-10 06:59:39.497 [warning] [GitFileSystemProvider][readFile] File not found - git:/home/ubuntu/component_design.md.git?%7B%22path%22%3A%22%2Fhome%2Fubuntu%2Fcomponent_design.md%22%2C%22ref%22%3A%22%22%7D
2025-04-10 06:59:39.650 [info] > git rev-parse --show-toplevel [3ms]
2025-04-10 06:59:40.002 [info] > git status -z -uall [1319ms] (cancelled)
2025-04-10 06:59:42.111 [info] > git for-each-ref --format=%(refname)%00%(upstream:short)%00%(objectname)%00%(upstream:track)%00%(upstream:remotename)%00%(upstream:remoteref) refs/heads/master refs/remotes/master [2152ms]
2025-04-10 06:59:42.112 [warning] [Git][getBranch] No such branch: master
2025-04-10 06:59:42.112 [error] [GitHistoryProvider][resolveHEADMergeBase] Failed to resolve merge base for master: Error: No such branch: master.
2025-04-10 06:59:42.137 [info] > git config --get commit.template [27ms]
2025-04-10 06:59:42.145 [info] [Git][getRemotes] No remotes found in the git config file
2025-04-10 06:59:42.148 [info] > git for-each-ref --format=%(refname)%00%(upstream:short)%00%(objectname)%00%(upstream:track)%00%(upstream:remotename)%00%(upstream:remoteref) refs/heads/master refs/remotes/master [4ms]
2025-04-10 06:59:42.148 [warning] [Git][getBranch] No such branch: master
2025-04-10 06:59:42.181 [info] > git for-each-ref --sort -committerdate --format %(refname) %(objectname) %(*objectname) [3ms]
2025-04-10 06:59:42.738 [info] > git status -z -uall [576ms] (cancelled)
2025-04-10 07:01:31.681 [info] > git check-ignore -v -z --stdin [28ms]
