2025-04-09 20:31:20.863 [info] [main] Log level: Info
2025-04-09 20:31:20.863 [info] [main] Validating found git in: "git"
2025-04-09 20:31:20.863 [info] [main] Using git "2.34.1" from "git"
2025-04-09 20:31:20.863 [info] [Model][doInitialScan] Initial repository scan started
2025-04-09 20:31:20.863 [info] > git rev-parse --show-toplevel [3ms]
2025-04-09 20:31:20.863 [info] fatal: not a git repository (or any of the parent directories): .git
2025-04-09 20:31:20.863 [info] > git rev-parse --show-toplevel [3ms]
2025-04-09 20:31:20.863 [info] fatal: not a git repository (or any of the parent directories): .git
2025-04-09 20:31:20.863 [info] > git rev-parse --show-toplevel [47ms]
2025-04-09 20:31:20.863 [info] fatal: not a git repository (or any of the parent directories): .git
2025-04-09 20:31:20.863 [info] > git rev-parse --show-toplevel [3ms]
2025-04-09 20:31:20.863 [info] fatal: not a git repository (or any of the parent directories): .git
2025-04-09 20:31:20.863 [info] > git rev-parse --show-toplevel [4ms]
2025-04-09 20:31:20.863 [info] fatal: not a git repository (or any of the parent directories): .git
2025-04-09 20:31:20.863 [info] > git rev-parse --show-toplevel [3ms]
2025-04-09 20:31:20.863 [info] fatal: not a git repository (or any of the parent directories): .git
2025-04-09 20:31:20.864 [info] > git rev-parse --show-toplevel [4ms]
2025-04-09 20:31:20.864 [info] fatal: not a git repository (or any of the parent directories): .git
2025-04-09 20:31:20.909 [info] > git rev-parse --show-toplevel [6ms]
2025-04-09 20:31:20.920 [info] > git rev-parse --git-dir --git-common-dir [3ms]
2025-04-09 20:31:20.936 [info] [Model][openRepository] Opened repository: /home/ubuntu/.nvm
2025-04-09 20:31:20.952 [info] > git config --get commit.template [6ms]
2025-04-09 20:31:20.953 [info] > git rev-parse --show-toplevel [4ms]
2025-04-09 20:31:20.953 [info] fatal: not a git repository (or any of the parent directories): .git
2025-04-09 20:31:20.963 [info] > git for-each-ref --format %(refname) %(objectname) %(*objectname) refs/tags [5ms]
2025-04-09 20:31:20.976 [info] > git rev-parse --show-toplevel [13ms]
2025-04-09 20:31:20.976 [info] fatal: not a git repository (or any of the parent directories): .git
2025-04-09 20:31:20.982 [info] > git for-each-ref --sort -committerdate --format %(refname) %(objectname) %(*objectname) [9ms]
2025-04-09 20:31:20.984 [info] > git rev-parse --show-toplevel [4ms]
2025-04-09 20:31:20.984 [info] fatal: not a git repository (or any of the parent directories): .git
2025-04-09 20:31:20.994 [info] > git rev-parse --show-toplevel [6ms]
2025-04-09 20:31:20.994 [info] fatal: not a git repository (or any of the parent directories): .git
2025-04-09 20:31:21.000 [info] > git status -z -uall [32ms]
2025-04-09 20:31:21.068 [info] > git rev-parse --show-toplevel [69ms]
2025-04-09 20:31:21.069 [info] fatal: not a git repository (or any of the parent directories): .git
2025-04-09 20:31:21.075 [info] > git config --get commit.template [33ms]
2025-04-09 20:31:21.081 [info] > git rev-parse --show-toplevel [7ms]
2025-04-09 20:31:21.081 [info] fatal: not a git repository (or any of the parent directories): .git
2025-04-09 20:31:21.089 [info] > git for-each-ref --format %(refname) %(objectname) %(*objectname) refs/tags [9ms]
2025-04-09 20:31:21.099 [info] > git rev-parse --show-toplevel [13ms]
2025-04-09 20:31:21.099 [info] fatal: not a git repository (or any of the parent directories): .git
2025-04-09 20:31:21.106 [info] [Model][doInitialScan] Initial repository scan completed - repositories (1), closed repositories (0), parent repositories (0), unsafe repositories (0)
2025-04-09 20:31:21.123 [info] > git for-each-ref --sort -committerdate --format %(refname) %(objectname) %(*objectname) [25ms]
2025-04-09 20:31:21.128 [info] > git status -z -uall [35ms]
2025-04-09 20:31:21.167 [info] > git rev-parse --show-toplevel [2ms]
2025-04-09 20:31:21.167 [info] fatal: not a git repository (or any of the parent directories): .git
2025-04-09 20:31:21.637 [info] > git rev-parse --show-toplevel [3ms]
2025-04-09 20:31:29.332 [info] > git check-ignore -v -z --stdin [5ms]
2025-04-09 20:31:29.973 [info] > git rev-parse --show-toplevel [28ms]
2025-04-09 20:31:29.973 [info] fatal: not a git repository (or any of the parent directories): .git
2025-04-09 20:53:31.537 [info] > git rev-parse --show-toplevel [5ms]
2025-04-09 20:53:31.537 [info] fatal: not a git repository (or any of the parent directories): .git
2025-04-09 20:53:31.548 [info] > git rev-parse --show-toplevel [3ms]
2025-04-09 20:53:31.548 [info] fatal: not a git repository (or any of the parent directories): .git
2025-04-09 20:53:31.558 [info] > git rev-parse --show-toplevel [2ms]
2025-04-09 20:53:31.558 [info] fatal: not a git repository (or any of the parent directories): .git
2025-04-09 20:53:31.564 [info] > git rev-parse --show-toplevel [1ms]
2025-04-09 20:53:31.564 [info] fatal: not a git repository (or any of the parent directories): .git
2025-04-09 20:53:31.570 [info] > git rev-parse --show-toplevel [2ms]
2025-04-09 20:53:31.570 [info] fatal: not a git repository (or any of the parent directories): .git
2025-04-09 20:53:31.576 [info] > git rev-parse --show-toplevel [2ms]
2025-04-09 20:53:31.577 [info] fatal: not a git repository (or any of the parent directories): .git
2025-04-09 20:53:31.582 [info] > git rev-parse --show-toplevel [2ms]
2025-04-09 20:53:31.583 [info] fatal: not a git repository (or any of the parent directories): .git
2025-04-09 20:53:31.588 [info] > git rev-parse --show-toplevel [2ms]
2025-04-09 20:53:31.588 [info] fatal: not a git repository (or any of the parent directories): .git
2025-04-09 20:53:31.593 [info] > git rev-parse --show-toplevel [2ms]
2025-04-09 20:53:31.593 [info] fatal: not a git repository (or any of the parent directories): .git
2025-04-09 20:53:31.599 [info] > git rev-parse --show-toplevel [3ms]
2025-04-09 20:53:31.599 [info] fatal: not a git repository (or any of the parent directories): .git
2025-04-09 20:53:31.605 [info] > git rev-parse --show-toplevel [2ms]
2025-04-09 20:53:31.605 [info] fatal: not a git repository (or any of the parent directories): .git
2025-04-09 20:53:31.612 [info] > git rev-parse --show-toplevel [3ms]
2025-04-09 20:53:31.612 [info] fatal: not a git repository (or any of the parent directories): .git
2025-04-09 20:53:31.619 [info] > git rev-parse --show-toplevel [1ms]
2025-04-09 20:53:31.619 [info] fatal: not a git repository (or any of the parent directories): .git
2025-04-09 20:53:31.626 [info] > git rev-parse --show-toplevel [3ms]
2025-04-09 20:53:31.626 [info] fatal: not a git repository (or any of the parent directories): .git
2025-04-09 20:53:31.633 [info] > git rev-parse --show-toplevel [2ms]
2025-04-09 20:53:31.633 [info] fatal: not a git repository (or any of the parent directories): .git
2025-04-09 20:53:31.639 [info] > git rev-parse --show-toplevel [2ms]
2025-04-09 20:53:31.639 [info] fatal: not a git repository (or any of the parent directories): .git
2025-04-09 20:53:31.644 [info] > git rev-parse --show-toplevel [2ms]
2025-04-09 20:53:31.644 [info] fatal: not a git repository (or any of the parent directories): .git
2025-04-09 20:53:31.653 [info] > git rev-parse --show-toplevel [2ms]
2025-04-09 20:53:31.653 [info] fatal: not a git repository (or any of the parent directories): .git
2025-04-09 20:53:31.659 [info] > git rev-parse --show-toplevel [3ms]
2025-04-09 20:53:31.659 [info] fatal: not a git repository (or any of the parent directories): .git
2025-04-09 20:53:31.666 [info] > git rev-parse --show-toplevel [3ms]
2025-04-09 20:53:31.666 [info] fatal: not a git repository (or any of the parent directories): .git
2025-04-09 20:53:31.673 [info] > git rev-parse --show-toplevel [2ms]
2025-04-09 20:53:31.673 [info] fatal: not a git repository (or any of the parent directories): .git
2025-04-09 20:53:31.678 [info] > git rev-parse --show-toplevel [2ms]
2025-04-09 20:53:31.678 [info] fatal: not a git repository (or any of the parent directories): .git
2025-04-09 20:54:57.327 [info] > git rev-parse --show-toplevel [3ms]
2025-04-09 20:54:57.327 [info] fatal: not a git repository (or any of the parent directories): .git
2025-04-09 20:54:57.334 [info] > git rev-parse --show-toplevel [3ms]
2025-04-09 20:54:57.334 [info] fatal: not a git repository (or any of the parent directories): .git
2025-04-09 20:54:57.340 [info] > git rev-parse --show-toplevel [2ms]
2025-04-09 20:54:57.340 [info] fatal: not a git repository (or any of the parent directories): .git
2025-04-09 20:54:57.347 [info] > git rev-parse --show-toplevel [2ms]
2025-04-09 20:54:57.347 [info] fatal: not a git repository (or any of the parent directories): .git
2025-04-09 20:54:57.353 [info] > git rev-parse --show-toplevel [2ms]
2025-04-09 20:54:57.353 [info] fatal: not a git repository (or any of the parent directories): .git
2025-04-09 20:54:57.359 [info] > git rev-parse --show-toplevel [2ms]
2025-04-09 20:54:57.360 [info] fatal: not a git repository (or any of the parent directories): .git
2025-04-09 20:54:57.366 [info] > git rev-parse --show-toplevel [2ms]
2025-04-09 20:54:57.366 [info] fatal: not a git repository (or any of the parent directories): .git
2025-04-09 20:55:39.123 [info] > git rev-parse --show-toplevel [3ms]
2025-04-09 20:55:39.123 [info] fatal: not a git repository (or any of the parent directories): .git
2025-04-09 20:55:39.140 [info] > git rev-parse --show-toplevel [3ms]
2025-04-09 20:55:39.140 [info] fatal: not a git repository (or any of the parent directories): .git
2025-04-09 20:55:39.148 [info] > git rev-parse --show-toplevel [3ms]
2025-04-09 20:55:39.148 [info] fatal: not a git repository (or any of the parent directories): .git
2025-04-09 20:55:41.166 [info] > git rev-parse --show-toplevel [2ms]
2025-04-09 20:55:41.167 [info] fatal: not a git repository (or any of the parent directories): .git
2025-04-09 20:55:41.183 [info] > git rev-parse --show-toplevel [3ms]
2025-04-09 20:55:41.183 [info] fatal: not a git repository (or any of the parent directories): .git
2025-04-09 20:55:41.189 [info] > git rev-parse --show-toplevel [3ms]
2025-04-09 20:55:41.189 [info] fatal: not a git repository (or any of the parent directories): .git
2025-04-09 20:55:41.197 [info] > git rev-parse --show-toplevel [5ms]
2025-04-09 20:55:41.197 [info] fatal: not a git repository (or any of the parent directories): .git
2025-04-09 20:55:41.204 [info] > git rev-parse --show-toplevel [2ms]
2025-04-09 20:55:41.204 [info] fatal: not a git repository (or any of the parent directories): .git
2025-04-09 20:55:41.212 [info] > git rev-parse --show-toplevel [4ms]
2025-04-09 20:55:41.212 [info] fatal: not a git repository (or any of the parent directories): .git
2025-04-09 20:55:41.220 [info] > git rev-parse --show-toplevel [2ms]
2025-04-09 20:55:41.220 [info] fatal: not a git repository (or any of the parent directories): .git
2025-04-10 06:46:47.719 [info] > git rev-parse --show-toplevel [2ms]
2025-04-10 06:46:47.725 [info] > git rev-parse --git-dir --git-common-dir [2ms]
2025-04-10 06:46:47.739 [info] [Model][openRepository] Opened repository: /home/ubuntu
2025-04-10 06:46:47.750 [info] [Git][getRemotes] No remotes found in the git config file
2025-04-10 06:46:47.751 [info] > git config --get commit.template [6ms]
2025-04-10 06:46:47.752 [info] > git for-each-ref --format=%(refname)%00%(upstream:short)%00%(objectname)%00%(upstream:track)%00%(upstream:remotename)%00%(upstream:remoteref) refs/heads/master refs/remotes/master [2ms]
2025-04-10 06:46:47.752 [warning] [Git][getBranch] No such branch: master
2025-04-10 06:46:47.762 [info] > git for-each-ref --sort -committerdate --format %(refname) %(objectname) %(*objectname) [2ms]
2025-04-10 06:46:48.460 [info] > git status -z -uall [704ms] (cancelled)
2025-04-10 06:46:50.452 [info] > git for-each-ref --format=%(refname)%00%(upstream:short)%00%(objectname)%00%(upstream:track)%00%(upstream:remotename)%00%(upstream:remoteref) refs/heads/master refs/remotes/master [2003ms]
2025-04-10 06:46:50.452 [warning] [Git][getBranch] No such branch: master
2025-04-10 06:46:50.453 [error] [GitHistoryProvider][resolveHEADMergeBase] Failed to resolve merge base for master: Error: No such branch: master.
2025-04-10 06:46:50.471 [info] > git config --get commit.template [20ms]
2025-04-10 06:46:50.477 [info] [Git][getRemotes] No remotes found in the git config file
2025-04-10 06:46:50.479 [info] > git for-each-ref --format=%(refname)%00%(upstream:short)%00%(objectname)%00%(upstream:track)%00%(upstream:remotename)%00%(upstream:remoteref) refs/heads/master refs/remotes/master [2ms]
2025-04-10 06:46:50.479 [warning] [Git][getBranch] No such branch: master
2025-04-10 06:46:50.493 [info] > git for-each-ref --sort -committerdate --format %(refname) %(objectname) %(*objectname) [4ms]
2025-04-10 06:46:51.039 [info] > git status -z -uall [556ms] (cancelled)
2025-04-10 06:46:55.011 [info] > git show --textconv :component_design.md [4ms]
2025-04-10 06:46:55.016 [info] > git ls-files --stage -- component_design.md [4ms]
2025-04-10 06:46:55.020 [info] > git hash-object -t tree /dev/null [5ms]
2025-04-10 06:46:55.021 [warning] [GitFileSystemProvider][readFile] File not found - git:/home/ubuntu/component_design.md.git?%7B%22path%22%3A%22%2Fhome%2Fubuntu%2Fcomponent_design.md%22%2C%22ref%22%3A%22%22%7D
2025-04-10 06:46:55.026 [info] > git hash-object -t tree /dev/null [7ms]
2025-04-10 06:46:55.026 [warning] [GitFileSystemProvider][stat] File not found - git:/home/ubuntu/component_design.md.git?%7B%22path%22%3A%22%2Fhome%2Fubuntu%2Fcomponent_design.md%22%2C%22ref%22%3A%22%22%7D
2025-04-10 06:46:55.337 [info] > git check-ignore -v -z --stdin [2ms]
