2025-04-10 06:21:08.506 [info] [main] Log level: Info
2025-04-10 06:21:08.506 [info] [main] Validating found git in: "git"
2025-04-10 06:21:08.506 [info] [main] Using git "2.34.1" from "git"
2025-04-10 06:21:08.506 [info] [Model][doInitialScan] Initial repository scan started
2025-04-10 06:21:08.506 [info] > git rev-parse --show-toplevel [65ms]
2025-04-10 06:21:08.506 [info] fatal: not a git repository (or any of the parent directories): .git
2025-04-10 06:21:08.506 [info] > git rev-parse --show-toplevel [4ms]
2025-04-10 06:21:08.506 [info] fatal: not a git repository (or any of the parent directories): .git
2025-04-10 06:21:08.506 [info] > git rev-parse --show-toplevel [5ms]
2025-04-10 06:21:08.506 [info] fatal: not a git repository (or any of the parent directories): .git
2025-04-10 06:21:08.506 [info] > git rev-parse --show-toplevel [44ms]
2025-04-10 06:21:08.506 [info] fatal: not a git repository (or any of the parent directories): .git
2025-04-10 06:21:08.511 [info] > git rev-parse --show-toplevel [6ms]
2025-04-10 06:21:08.511 [info] fatal: not a git repository (or any of the parent directories): .git
2025-04-10 06:21:08.568 [info] > git rev-parse --show-toplevel [44ms]
2025-04-10 06:21:08.568 [info] fatal: not a git repository (or any of the parent directories): .git
2025-04-10 06:21:08.588 [info] > git rev-parse --show-toplevel [15ms]
2025-04-10 06:21:08.588 [info] fatal: not a git repository (or any of the parent directories): .git
2025-04-10 06:21:08.617 [info] > git rev-parse --show-toplevel [20ms]
2025-04-10 06:21:08.617 [info] fatal: not a git repository (or any of the parent directories): .git
2025-04-10 06:21:08.634 [info] > git rev-parse --show-toplevel [8ms]
2025-04-10 06:21:08.660 [info] > git rev-parse --git-dir --git-common-dir [8ms]
2025-04-10 06:21:08.684 [info] [Model][openRepository] Opened repository: /home/ubuntu/.nvm
2025-04-10 06:21:08.700 [info] > git config --get commit.template [5ms]
2025-04-10 06:21:08.714 [info] > git rev-parse --show-toplevel [16ms]
2025-04-10 06:21:08.714 [info] fatal: not a git repository (or any of the parent directories): .git
2025-04-10 06:21:08.716 [info] > git for-each-ref --format %(refname) %(objectname) %(*objectname) refs/tags [9ms]
2025-04-10 06:21:08.740 [info] > git for-each-ref --sort -committerdate --format %(refname) %(objectname) %(*objectname) [10ms]
2025-04-10 06:21:08.743 [info] > git rev-parse --show-toplevel [5ms]
2025-04-10 06:21:08.743 [info] fatal: not a git repository (or any of the parent directories): .git
2025-04-10 06:21:08.752 [info] > git rev-parse --show-toplevel [5ms]
2025-04-10 06:21:08.752 [info] fatal: not a git repository (or any of the parent directories): .git
2025-04-10 06:21:08.761 [info] > git rev-parse --show-toplevel [5ms]
2025-04-10 06:21:08.761 [info] fatal: not a git repository (or any of the parent directories): .git
2025-04-10 06:21:08.766 [info] > git status -z -uall [44ms]
2025-04-10 06:21:08.800 [info] > git rev-parse --show-toplevel [35ms]
2025-04-10 06:21:08.801 [info] fatal: not a git repository (or any of the parent directories): .git
2025-04-10 06:21:08.818 [info] > git config --get commit.template [17ms]
2025-04-10 06:21:08.824 [info] > git for-each-ref --format %(refname) %(objectname) %(*objectname) refs/tags [7ms]
2025-04-10 06:21:08.841 [info] > git rev-parse --show-toplevel [33ms]
2025-04-10 06:21:08.841 [info] fatal: not a git repository (or any of the parent directories): .git
2025-04-10 06:21:08.856 [info] > git for-each-ref --sort -committerdate --format %(refname) %(objectname) %(*objectname) [16ms]
2025-04-10 06:21:08.865 [info] > git rev-parse --show-toplevel [10ms]
2025-04-10 06:21:08.865 [info] fatal: not a git repository (or any of the parent directories): .git
2025-04-10 06:21:08.872 [info] > git status -z -uall [40ms]
2025-04-10 06:21:08.882 [info] > git rev-parse --show-toplevel [9ms]
2025-04-10 06:21:08.882 [info] fatal: not a git repository (or any of the parent directories): .git
2025-04-10 06:21:08.887 [info] [Model][doInitialScan] Initial repository scan completed - repositories (1), closed repositories (0), parent repositories (0), unsafe repositories (0)
2025-04-10 06:21:09.386 [info] > git rev-parse --show-toplevel [2ms]
2025-04-10 06:21:09.386 [info] fatal: not a git repository (or any of the parent directories): .git
2025-04-10 06:21:09.396 [info] > git rev-parse --show-toplevel [2ms]
2025-04-10 06:21:11.997 [info] > git check-ignore -v -z --stdin [5ms]
2025-04-10 06:21:55.188 [info] > git config --get commit.template [6ms]
2025-04-10 06:21:55.189 [info] > git for-each-ref --format %(refname) %(objectname) %(*objectname) refs/tags [3ms]
2025-04-10 06:21:55.202 [info] > git for-each-ref --sort -committerdate --format %(refname) %(objectname) %(*objectname) [3ms]
2025-04-10 06:21:55.219 [info] > git status -z -uall [25ms]
2025-04-10 06:21:55.729 [info] > git rev-parse --show-toplevel [2ms]
2025-04-10 06:25:52.399 [info] > git config --get commit.template [7ms]
2025-04-10 06:25:52.401 [info] > git for-each-ref --format %(refname) %(objectname) %(*objectname) refs/tags [2ms]
2025-04-10 06:25:52.415 [info] > git for-each-ref --sort -committerdate --format %(refname) %(objectname) %(*objectname) [3ms]
2025-04-10 06:25:52.430 [info] > git status -z -uall [25ms]
2025-04-10 06:25:52.942 [info] > git rev-parse --show-toplevel [3ms]
2025-04-10 06:26:08.748 [info] > git config --get commit.template [7ms]
2025-04-10 06:26:08.749 [info] > git for-each-ref --format %(refname) %(objectname) %(*objectname) refs/tags [3ms]
2025-04-10 06:26:08.762 [info] > git for-each-ref --sort -committerdate --format %(refname) %(objectname) %(*objectname) [3ms]
2025-04-10 06:26:08.783 [info] > git status -z -uall [30ms]
2025-04-10 06:26:09.295 [info] > git rev-parse --show-toplevel [2ms]
